14:46:34		MakeError : Forder <src> not exists, please check current forder is true
14:46:59		MakeError : Forder <src> not exists, please check current forder is true
14:47:14		MakeError : Forder <src> not exists, please check current forder is true
14:47:28		MakeError : Forder <src> not exists, please check current forder is true
14:47:56		MakeError : Forder <src> not exists, please check current forder is true
14:48:31		MakeError : Forder <src> not exists, please check current forder is true
14:49:29		MakeError : Forder <src> not exists, please check current forder is true
14:49:43		MakeError : Forder <src> not exists, please check current forder is true
17:21:34		Remove forder (output)
17:21:34		Remove forder (output)
17:32:28		Remove forder (output)
17:33:16		Remove forder (output)
17:33:16		TypeError of configure.conf in build
17:35:17		Remove forder (output)
17:35:35		Remove forder (output)
17:36:10		Remove forder (output)
17:36:10		Create forder (output)
17:36:10		Forder (output) is exist
17:43:39		Remove forder (output)
17:43:39		Create forder (output)
17:43:39		Forder (output) is exist
17:49:11		Remove forder (output)
17:49:12		Create forder (output)
17:49:12		Forder (output) is exist
17:50:29		Remove forder (output)
17:50:29		Create forder (output)
17:50:29		Forder (output) is exist
17:50:34		Remove forder (output)
17:50:34		Create forder (output)
17:50:34		Forder (output) is exist
17:50:48		Remove forder (output)
17:50:48		Create forder (output)
17:50:48		Forder (output) is exist
17:51:46		Remove forder (output)
17:51:47		Create forder (output)
17:51:47		Forder (output) is exist
18:36:40		Remove forder (output)
18:36:40		Create forder (output)
18:36:40		Forder (output) is exist
18:37:38		Remove forder (output)
18:37:38		Create forder (output)
18:37:38		Forder (output) is exist
18:37:39		Copy to dir : output
18:38:10		Remove forder (output)
18:38:10		Create forder (output)
18:38:10		Forder (output) is exist
18:38:10		Copy to dir : output
18:38:23		Remove forder (output)
18:38:23		Create forder (output)
18:38:23		Forder (output) is exist
18:38:23		Copy to dir : output
18:38:45		Remove forder (output)
18:38:45		Create forder (output)
18:38:45		Forder (output) is exist
18:38:45		Copy to dir : output
18:39:12		Remove forder (output)
18:39:12		Create forder (output)
18:39:12		Forder (output) is exist
18:39:12		Copy to dir : output
18:39:53		Remove forder (output)
18:39:53		Create forder (output)
18:39:53		Forder (output) is exist
18:39:53		Copy to dir : output
18:43:32		Remove forder (output)
18:43:32		Create forder (output)
18:43:32		Forder (output) is exist
18:43:32		Copy to dir : output
18:44:43		Remove forder (output)
18:44:44		Create forder (output)
18:44:44		Forder (output) is exist
18:44:44		Copy to dir : output
18:45:42		Remove forder (output)
18:45:42		Create forder (output)
18:45:42		Forder (output) is exist
18:45:43		Copy to dir : output
18:46:33		Remove forder (output)
18:46:34		Create forder (output)
18:46:34		Forder (output) is exist
18:46:34		Copy to dir : output
18:46:53		Remove forder (output)
18:46:54		Create forder (output)
18:46:54		Forder (output) is exist
18:46:54		Copy to dir : output
18:59:06		Remove forder (output)
18:59:06		Create forder (output)
18:59:06		Forder (output) is exist
18:59:06		Copy to dir : output
18:59:25		Remove forder (output)
18:59:26		Create forder (output)
18:59:26		Forder (output) is exist
18:59:26		Copy to dir : output
18:59:30		Remove forder (output)
18:59:31		Create forder (output)
18:59:31		Forder (output) is exist
18:59:31		Copy to dir : output
